<?xml version="1.0" encoding="UTF-8"?>
<!-- Generated by org.testng.reporters.JUnitReportReporter -->
<testsuite hostname="DESKTOP-5J8SKJE" failures="0" tests="2" name="restAssuredTesting.ComplexPayload" time="1.646" errors="0" timestamp="2021-06-08T10:52:21 IST" skipped="0">
  <testcase classname="restAssuredTesting.ComplexPayload" name="hashMap" time="0.898"/>
  <system-out/>
  <testcase classname="restAssuredTesting.ComplexPayload" name="jsonObject" time="0.748"/>
  <system-out/>
</testsuite> <!-- restAssuredTesting.ComplexPayload -->
