<?xml version="1.0" encoding="UTF-8"?>
<!-- Generated by org.testng.reporters.JUnitReportReporter -->
<testsuite hostname="DESKTOP-BEUPF5V" failures="0" tests="2" name="restAssuredTesting.ComplexPayload" time="1.037" errors="0" timestamp="2021-09-08T07:48:27 IST" skipped="0">
  <testcase classname="restAssuredTesting.ComplexPayload" name="jsonObject" time="0.485"/>
  <system-out/>
  <testcase classname="restAssuredTesting.ComplexPayload" name="hashMap" time="0.552"/>
  <system-out/>
</testsuite> <!-- restAssuredTesting.ComplexPayload -->
