<?xml version="1.0" encoding="UTF-8"?>
<!-- Generated by org.testng.reporters.JUnitReportReporter -->
<testsuite hostname="DESKTOP-BEUPF5V" failures="0" tests="2" name="restAssuredTesting.DataDrivenUsingParam" time="0.687" errors="0" timestamp="2021-09-08T07:48:27 IST" skipped="0">
  <testcase classname="restAssuredTesting.DataDrivenUsingParam" name="User" time="0.365"/>
  <system-out/>
  <testcase classname="restAssuredTesting.DataDrivenUsingParam" name="User" time="0.322"/>
  <system-out/>
</testsuite> <!-- restAssuredTesting.DataDrivenUsingParam -->
