<?xml version="1.0" encoding="UTF-8"?>
<!-- Generated by org.testng.reporters.JUnitReportReporter -->
<testsuite hostname="DESKTOP-BEUPF5V" failures="0" tests="1" name="restAssuredTesting.PostOperation" time="2.185" errors="0" timestamp="2021-10-23T08:26:51 IST" skipped="0">
  <testcase classname="restAssuredTesting.PostOperation" name="post" time="2.185"/>
  <system-out/>
</testsuite> <!-- restAssuredTesting.PostOperation -->
