<?xml version="1.0" encoding="UTF-8"?>
<!-- Generated by org.testng.reporters.JUnitReportReporter -->
<testsuite hostname="DESKTOP-5J8SKJE" failures="0" tests="1" name="restAssuredTesting.PostOperation" time="1.143" errors="0" timestamp="2021-06-08T10:52:21 IST" skipped="0">
  <testcase classname="restAssuredTesting.PostOperation" name="post" time="1.143"/>
  <system-out/>
</testsuite> <!-- restAssuredTesting.PostOperation -->
