<?xml version="1.0" encoding="UTF-8"?>
<!-- Generated by org.testng.reporters.JUnitReportReporter -->
<testsuite hostname="DESKTOP-5J8SKJE" failures="0" tests="1" name="restAssuredTesting.GetOperation" time="1.775" errors="0" timestamp="2021-06-08T10:52:21 IST" skipped="0">
  <testcase classname="restAssuredTesting.GetOperation" name="getDetails" time="1.775"/>
  <system-out/>
</testsuite> <!-- restAssuredTesting.GetOperation -->
