<?xml version="1.0" encoding="UTF-8"?>
<!-- Generated by org.testng.reporters.JUnitReportReporter -->
<testsuite hostname="DESKTOP-BEUPF5V" failures="0" tests="1" name="restAssuredTesting.GetOperation" time="1.629" errors="0" timestamp="2021-09-08T07:48:27 IST" skipped="0">
  <testcase classname="restAssuredTesting.GetOperation" name="getDetails" time="1.629"/>
  <system-out/>
</testsuite> <!-- restAssuredTesting.GetOperation -->
