<?xml version="1.0" encoding="UTF-8"?>
<!-- Generated by org.testng.reporters.JUnitReportReporter -->
<testsuite hostname="DESKTOP-5J8SKJE" failures="0" tests="2" name="restAssuredTesting.DataDrivenUsingParam" time="1.191" errors="0" timestamp="2021-06-08T10:52:21 IST" skipped="0">
  <testcase classname="restAssuredTesting.DataDrivenUsingParam" name="User" time="0.614"/>
  <system-out/>
  <testcase classname="restAssuredTesting.DataDrivenUsingParam" name="User" time="0.577"/>
  <system-out/>
</testsuite> <!-- restAssuredTesting.DataDrivenUsingParam -->
